<?xml version="1.0" encoding="UTF-8"?>
<!-- Generated by org.testng.reporters.JUnitXMLReporter -->
<testsuite ignored="0" hostname="DESKTOP-5DVAIBA" failures="0" tests="3" name="Default test" time="19.124" errors="0" timestamp="2023-08-19T20:26:27 IST">
  <testcase classname="com.testng.CrossBrowserTest" name="Chrome" time="7.666"/>
  <testcase classname="com.testng.CrossBrowserTest" name="edge" time="5.777"/>
  <testcase classname="com.testng.CrossBrowserTest" name="firefox" time="5.627"/>
</testsuite> <!-- Default test -->
