<?xml version="1.0" encoding="UTF-8"?>
<!-- Generated by org.testng.reporters.JUnitXMLReporter -->
<testsuite ignored="0" hostname="DESKTOP-5DVAIBA" failures="0" tests="3" name="Test" time="9.737" errors="0" timestamp="2023-08-18T15:46:40 IST">
  <testcase classname="com.testng.CrossBrowserTest" name="Chrome" time="9.099"/>
  <testcase classname="com.testng.CrossBrowserTest" name="edge" time="9.197"/>
  <testcase classname="com.testng.CrossBrowserTest" name="firefox" time="9.648"/>
</testsuite> <!-- Test -->
